# Cloud Operations Monitor - Uptime Log
# Infrastructure managed by PkLavc
[2026-03-23 10:05:14] [SUCCESS] Sync diário: Hablla, Zoho e Zenvia disparados.
[2026-03-23 10:05:43] [SUCCESS] Sync diário: Hablla, Zoho e Zenvia disparados.
[2026-03-23 10:06:14] [SUCCESS] Execução individual: operacoesicaiu/worker-zenvia-integration
[2026-03-24 09:58:16] [SUCCESS] Sync diário: Hablla, Zoho e Zenvia disparados.
[2026-03-24 09:58:46] [SUCCESS] Sync diário: Hablla, Zoho e Zenvia disparados.
[2026-03-24 09:59:18] [SUCCESS] Execução individual: operacoesicaiu/worker-zenvia-integration
[2026-03-24 12:46:55] [SUCCESS] Execução: worker-zoho-integration disparada com sucesso.
[2026-03-24 12:53:03] [SUCCESS] Execução: worker-zoho-integration disparada com sucesso.
[2026-03-24 13:50:32] [SUCCESS] Execução: worker-zoho-integration disparada com sucesso.
[2026-03-24 14:02:28] [SUCCESS] Execução: worker-zoho-integration disparada com sucesso.
[2026-03-24 14:05:29] [SUCCESS] Execução: worker-zoho-integration disparada com sucesso.
[2026-03-24 14:10:23] [SUCCESS] Execução: worker-zoho-integration disparada com sucesso.
[2026-03-24 14:24:52] [SUCCESS] Execução: worker-zoho-integration disparada com sucesso.
[2026-03-24 14:30:16] [SUCCESS] Execução: worker-zoho-integration disparada com sucesso.
[2026-03-24 14:32:16] [SUCCESS] Execução: worker-zoho-integration disparada com sucesso.
[2026-03-24 14:34:55] [SUCCESS] Execução: worker-zoho-integration disparada com sucesso.
[2026-03-24 14:37:11] [SUCCESS] Execução: worker-zoho-integration disparada com sucesso.
[2026-03-24 14:41:11] [SUCCESS] Execução: worker-zoho-integration disparada com sucesso.
